<?xml version="1.0" encoding="UTF-8"?>
<!-- Generated by org.testng.reporters.JUnitReportReporter -->
<testsuite hostname="LAPTOP-IBDQG6UL" failures="0" tests="4" name="testNG.AdactinApp5" time="0.016" errors="0" timestamp="2025-03-09T07:05:18 IST" skipped="0">
  <testcase classname="testNG.AdactinApp5" name="regsitrationTest" time="0.006"/>
  <system-out/>
  <testcase classname="testNG.AdactinApp5" name="loginTest" time="0.008"/>
  <system-out/>
  <testcase classname="testNG.AdactinApp5" name="forgotPassword" time="0.001"/>
  <system-out/>
  <testcase classname="testNG.AdactinApp5" name="changePassword" time="0.001"/>
  <system-out/>
</testsuite> <!-- testNG.AdactinApp5 -->
