<?xml version="1.0" encoding="UTF-8"?>
<!-- Generated by org.testng.reporters.JUnitReportReporter -->
<testsuite hostname="LAPTOP-IBDQG6UL" failures="0" tests="2" name="testNG.ValidateLogin" time="16.494" errors="0" timestamp="2025-03-18T13:07:23 IST" skipped="0">
  <testcase classname="testNG.ValidateLogin" name="validateLoginUsingInvalidCredentials" time="9.484"/>
  <system-out/>
  <testcase classname="testNG.ValidateLogin" name="validateLoginUsingValidCredentials" time="7.010"/>
  <system-out/>
</testsuite> <!-- testNG.ValidateLogin -->
