<?xml version="1.0" encoding="UTF-8"?>
<!-- Generated by org.testng.reporters.JUnitReportReporter -->
<testsuite hostname="LAPTOP-IBDQG6UL" failures="0" tests="3" name="testNG.AdactinApp" time="0.011" errors="0" timestamp="2025-03-08T19:26:26 IST" skipped="0">
  <testcase classname="testNG.AdactinApp" name="forgotTest" time="0.008"/>
  <system-out/>
  <testcase classname="testNG.AdactinApp" name="loginTest" time="0.002"/>
  <system-out/>
  <testcase classname="testNG.AdactinApp" name="registrationTest" time="0.001"/>
  <system-out/>
</testsuite> <!-- testNG.AdactinApp -->
